<?xml version="1.0" encoding="UTF-8"?>
<testsuite name="com.restful.booker.cucumber.CucumberRunner" time="1.363" tests="27" errors="0" skipped="0" failures="0">
  <properties>
    <property name="idea.version" value="2022.2.2"/>
    <property name="java.runtime.name" value="Java(TM) SE Runtime Environment"/>
    <property name="sun.boot.library.path" value="C:\Program Files\Java\jdk1.8.0_121\jre\bin"/>
    <property name="java.vm.version" value="25.121-b13"/>
    <property name="java.vm.vendor" value="Oracle Corporation"/>
    <property name="maven.multiModuleProjectDirectory" value="C:\Users\viren\IdeaProjects\restful-booker-serenity-cucumber-wk-19-virenpatel"/>
    <property name="java.vendor.url" value="http://java.oracle.com/"/>
    <property name="path.separator" value=";"/>
    <property name="guice.disable.misplaced.annotation.check" value="true"/>
    <property name="java.vm.name" value="Java HotSpot(TM) 64-Bit Server VM"/>
    <property name="file.encoding.pkg" value="sun.io"/>
    <property name="user.script" value=""/>
    <property name="user.country" value="GB"/>
    <property name="sun.java.launcher" value="SUN_STANDARD"/>
    <property name="sun.os.patch.level" value=""/>
    <property name="java.vm.specification.name" value="Java Virtual Machine Specification"/>
    <property name="user.dir" value="C:\Users\viren\IdeaProjects\restful-booker-serenity-cucumber-wk-19-virenpatel"/>
    <property name="java.runtime.version" value="1.8.0_121-b13"/>
    <property name="java.awt.graphicsenv" value="sun.awt.Win32GraphicsEnvironment"/>
    <property name="java.endorsed.dirs" value="C:\Program Files\Java\jdk1.8.0_121\jre\lib\endorsed"/>
    <property name="os.arch" value="amd64"/>
    <property name="java.io.tmpdir" value="C:\Users\viren\AppData\Local\Temp\"/>
    <property name="line.separator" value="&#10;"/>
    <property name="java.vm.specification.vendor" value="Oracle Corporation"/>
    <property name="user.variant" value=""/>
    <property name="os.name" value="Windows 10"/>
    <property name="maven.ext.class.path" value="C:\Program Files\JetBrains\IntelliJ IDEA Community Edition 2022.2.2\plugins\maven\lib\maven-event-listener.jar"/>
    <property name="classworlds.conf" value="C:\Program Files\JetBrains\IntelliJ IDEA Community Edition 2022.2.2\plugins\maven\lib\maven3\bin\m2.conf"/>
    <property name="sun.jnu.encoding" value="Cp1252"/>
    <property name="java.library.path" value="C:\Program Files\Java\jdk1.8.0_121\bin;C:\WINDOWS\Sun\Java\bin;C:\WINDOWS\system32;C:\WINDOWS;C:\Program Files (x86)\Common Files\Oracle\Java\javapath;C:\ProgramData\Oracle\Java\javapath;C:\WINDOWS\system32;C:\WINDOWS;C:\WINDOWS\System32\Wbem;C:\WINDOWS\System32\WindowsPowerShell\v1.0\;C:\WINDOWS\System32\OpenSSH\;C:\Program Files\Java\jdk1.8.0_121\bin;C:\Program Files\Git\cmd;C:\Program Files\Apache\apache-maven-3.8.6\bin;C:\Program Files\nodejs\;C:\Users\viren\AppData\Local\Microsoft\WindowsApps;C:\Users\viren\AppData\Roaming\npm;."/>
    <property name="maven.conf" value="C:\Program Files\JetBrains\IntelliJ IDEA Community Edition 2022.2.2\plugins\maven\lib\maven3/conf"/>
    <property name="java.specification.name" value="Java Platform API Specification"/>
    <property name="java.class.version" value="52.0"/>
    <property name="sun.management.compiler" value="HotSpot 64-Bit Tiered Compilers"/>
    <property name="os.version" value="10.0"/>
    <property name="user.home" value="C:\Users\viren"/>
    <property name="tags" value="userfeature:REGRESSION"/>
    <property name="user.timezone" value="Europe/London"/>
    <property name="java.awt.printerjob" value="sun.awt.windows.WPrinterJob"/>
    <property name="java.specification.version" value="1.8"/>
    <property name="file.encoding" value="UTF-8"/>
    <property name="user.name" value="viren"/>
    <property name="java.class.path" value="C:\Program Files\JetBrains\IntelliJ IDEA Community Edition 2022.2.2\plugins\maven\lib\maven3\boot\plexus-classworlds-2.6.0.jar;C:\Program Files\JetBrains\IntelliJ IDEA Community Edition 2022.2.2\plugins\maven\lib\maven3\boot\plexus-classworlds.license;C:\Program Files\JetBrains\IntelliJ IDEA Community Edition 2022.2.2\lib\idea_rt.jar"/>
    <property name="java.vm.specification.version" value="1.8"/>
    <property name="sun.arch.data.model" value="64"/>
    <property name="java.home" value="C:\Program Files\Java\jdk1.8.0_121\jre"/>
    <property name="sun.java.command" value="org.codehaus.classworlds.Launcher -Didea.version=2022.2.2 clean verify -Dtags=userfeature:REGRESSION serenity:aggregate"/>
    <property name="java.specification.vendor" value="Oracle Corporation"/>
    <property name="user.language" value="en"/>
    <property name="awt.toolkit" value="sun.awt.windows.WToolkit"/>
    <property name="java.vm.info" value="mixed mode"/>
    <property name="java.version" value="1.8.0_121"/>
    <property name="java.ext.dirs" value="C:\Program Files\Java\jdk1.8.0_121\jre\lib\ext;C:\WINDOWS\Sun\Java\lib\ext"/>
    <property name="sun.boot.class.path" value="C:\Program Files\Java\jdk1.8.0_121\jre\lib\resources.jar;C:\Program Files\Java\jdk1.8.0_121\jre\lib\rt.jar;C:\Program Files\Java\jdk1.8.0_121\jre\lib\sunrsasign.jar;C:\Program Files\Java\jdk1.8.0_121\jre\lib\jsse.jar;C:\Program Files\Java\jdk1.8.0_121\jre\lib\jce.jar;C:\Program Files\Java\jdk1.8.0_121\jre\lib\charsets.jar;C:\Program Files\Java\jdk1.8.0_121\jre\lib\jfr.jar;C:\Program Files\Java\jdk1.8.0_121\jre\classes"/>
    <property name="java.vendor" value="Oracle Corporation"/>
    <property name="maven.home" value="C:\Program Files\JetBrains\IntelliJ IDEA Community Edition 2022.2.2\plugins\maven\lib\maven3"/>
    <property name="file.separator" value="\"/>
    <property name="java.vendor.url.bug" value="http://bugreport.sun.com/bugreport/"/>
    <property name="sun.cpu.endian" value="little"/>
    <property name="sun.io.unicode.encoding" value="UnicodeLittle"/>
    <property name="sun.desktop" value="windows"/>
    <property name="sun.cpu.isalist" value="amd64"/>
  </properties>
  <testcase name="When I send POST request to create a new booking with firstName&quot;Manan&quot;, lastName&quot;Shah&quot;, totalprice &quot;800&quot;, depositpaid &quot;yes&quot;, checkin &quot;2024-09-01&quot;, checkout&quot;2024-12-02&quot; additionalneeds &quot;veg food&quot;" classname="| Manan | Shah | 800 | yes | 2024-09-01 | 2024-12-02 | veg food |" time="0.004"/>
  <testcase name="Then I verfiy that new booking is created by id" classname="| Manan | Shah | 800 | yes | 2024-09-01 | 2024-12-02 | veg food |" time="0"/>
  <testcase name="And I send a Put request with  firstName&quot;Manan&quot;, lastName&quot;Shah&quot;, totalprice &quot;800&quot;, depositpaid &quot;yes&quot;, checkin &quot;2024-09-01&quot;, checkout&quot;2024-12-02&quot; additionalneeds &quot;veg food&quot;" classname="| Manan | Shah | 800 | yes | 2024-09-01 | 2024-12-02 | veg food |" time="0"/>
  <testcase name="And The totalprice &quot;800&quot; is successfully updated" classname="| Manan | Shah | 800 | yes | 2024-09-01 | 2024-12-02 | veg food |" time="0"/>
  <testcase name="And I send delete booking by id" classname="| Manan | Shah | 800 | yes | 2024-09-01 | 2024-12-02 | veg food |" time="0"/>
  <testcase name="Then The booking is successfully deleted from the record" classname="| Manan | Shah | 800 | yes | 2024-09-01 | 2024-12-02 | veg food |" time="0"/>
  <testcase name="| Manan | Shah | 800 | yes | 2024-09-01 | 2024-12-02 | veg food |" classname="| Manan | Shah | 800 | yes | 2024-09-01 | 2024-12-02 | veg food |" time="0.006"/>
  <testcase name="When I send POST request to create a new booking with firstName&quot;Robert&quot;, lastName&quot;Taylor&quot;, totalprice &quot;400&quot;, depositpaid &quot;yes&quot;, checkin &quot;2025-04-07&quot;, checkout&quot;2025-04-08&quot; additionalneeds &quot;veg food&quot;" classname="| Robert | Taylor | 400 | yes | 2025-04-07 | 2025-04-08 | veg food |" time="0.001"/>
  <testcase name="Then I verfiy that new booking is created by id" classname="| Robert | Taylor | 400 | yes | 2025-04-07 | 2025-04-08 | veg food |" time="0"/>
  <testcase name="And I send a Put request with  firstName&quot;Robert&quot;, lastName&quot;Taylor&quot;, totalprice &quot;400&quot;, depositpaid &quot;yes&quot;, checkin &quot;2025-04-07&quot;, checkout&quot;2025-04-08&quot; additionalneeds &quot;veg food&quot;" classname="| Robert | Taylor | 400 | yes | 2025-04-07 | 2025-04-08 | veg food |" time="0"/>
  <testcase name="And The totalprice &quot;400&quot; is successfully updated" classname="| Robert | Taylor | 400 | yes | 2025-04-07 | 2025-04-08 | veg food |" time="0"/>
  <testcase name="And I send delete booking by id" classname="| Robert | Taylor | 400 | yes | 2025-04-07 | 2025-04-08 | veg food |" time="0"/>
  <testcase name="Then The booking is successfully deleted from the record" classname="| Robert | Taylor | 400 | yes | 2025-04-07 | 2025-04-08 | veg food |" time="0"/>
  <testcase name="| Robert | Taylor | 400 | yes | 2025-04-07 | 2025-04-08 | veg food |" classname="| Robert | Taylor | 400 | yes | 2025-04-07 | 2025-04-08 | veg food |" time="1.117"/>
  <testcase name="When I send a GET request to booking endpoint" classname="Scenario: Check if user can access all booking Ids" time="0"/>
  <testcase name="Then I must get back a valid response code 200" classname="Scenario: Check if user can access all booking Ids" time="0"/>
  <testcase name="Scenario: Check if user can access all booking Ids" classname="Scenario: Check if user can access all booking Ids" time="0.058"/>
  <testcase name="When I send a POST request to create a new booking with firstName&quot;Manan&quot;, lastName&quot;Shah&quot;, totalprice &quot;100&quot;, depositpaid &quot;yes&quot;, checkin &quot;2024-11-05&quot;, checkout&quot;2024-11-08&quot; additionalneeds &quot;veg food&quot;" classname="| Manan | Shah | 100 | yes | 2024-11-05 | 2024-11-08 | veg food |" time="0"/>
  <testcase name="Then I must get back a valid response code 201" classname="| Manan | Shah | 100 | yes | 2024-11-05 | 2024-11-08 | veg food |" time="0"/>
  <testcase name="And I verify that new booking is created by &lt;&quot;id&quot;&gt;" classname="| Manan | Shah | 100 | yes | 2024-11-05 | 2024-11-08 | veg food |" time="0"/>
  <testcase name="| Manan | Shah | 100 | yes | 2024-11-05 | 2024-11-08 | veg food |" classname="| Manan | Shah | 100 | yes | 2024-11-05 | 2024-11-08 | veg food |" time="0.062"/>
  <testcase name="When I send Put request with  firstName&quot;&lt;firstName&gt;&quot;, lastName&quot;&lt;lastName&gt;&quot;, totalprice &quot;&lt;totalprice&gt;&quot;, depositpaid &quot;&lt;depositpaid&gt;&quot;, checkin &quot;&lt;checkin&gt;&quot;, checkout&quot;&lt;checkout&gt;&quot; additionalneeds &quot;&lt;additionalneeds&gt;&quot;" classname="Scenario: Check if user can update an existing booking" time="0"/>
  <testcase name="Then I must get back a valid response code 200" classname="Scenario: Check if user can update an existing booking" time="0"/>
  <testcase name="Scenario: Check if user can update an existing booking" classname="Scenario: Check if user can update an existing booking" time="0.058"/>
  <testcase name="When I send delete requested id" classname="Scenario: Check if user can delete an existing record" time="0"/>
  <testcase name="Then I should see the response code 201" classname="Scenario: Check if user can delete an existing record" time="0"/>
  <testcase name="Scenario: Check if user can delete an existing record" classname="Scenario: Check if user can delete an existing record" time="0.057"/>
</testsuite>